#
# A fatal error has been detected by the Java Runtime Environment:
#
#  Internal Error (methodData.cpp:1025), pid=5920, tid=0x0000000000002160
#  Error: ShouldNotReachHere()
#
# JRE version: OpenJDK Runtime Environment (8.0_332-b09) (build 1.8.0_332-b09)
# Java VM: OpenJDK 64-Bit Server VM (25.332-b09 mixed mode windows-amd64 compressed oops)
# Failed to write core dump. Minidumps are not enabled by default on client versions of Windows
#
# If you would like to submit a bug report, please visit:
#   https://github.com/ojdkbuild/ojdkbuild/issues
#

---------------  T H R E A D  ---------------

Current thread (0x000000001ce43000):  VMThread [stack: 0x000000001db90000,0x000000001dc90000] [id=8544]

Stack: [0x000000001db90000,0x000000001dc90000]
[error occurred during error reporting (printing stack bounds), id 0xc0000005]

Native frames: (J=compiled Java code, j=interpreted, Vv=VM code, C=native code)

VM_Operation (0x000000001e21f2e0): RedefineClasses, mode: safepoint, requested by thread 0x000000001ced6000, redefining class sep25_2_conditionalStmt.CMain6



---------------  P R O C E S S  ---------------

Java Threads: ( => current thread )
  0x000000001d077800 JavaThread "Service Thread" daemon [_thread_blocked, id=8532, stack(0x000000001e720000,0x000000001e820000)]
  0x000000001cff4800 JavaThread "C1 CompilerThread2" daemon [_thread_blocked, id=6684, stack(0x000000001e620000,0x000000001e720000)]
  0x000000001cff0000 JavaThread "C2 CompilerThread1" daemon [_thread_blocked, id=3212, stack(0x000000001e520000,0x000000001e620000)]
  0x000000001cfee000 JavaThread "C2 CompilerThread0" daemon [_thread_blocked, id=7924, stack(0x000000001e420000,0x000000001e520000)]
  0x000000001ceec800 JavaThread "JDWP Command Reader" daemon [_thread_in_native, id=824, stack(0x000000001e320000,0x000000001e420000)]
  0x000000001cee9800 JavaThread "JDWP Event Helper Thread" daemon [_thread_blocked, id=8368, stack(0x000000001e220000,0x000000001e320000)]
  0x000000001ced6000 JavaThread "JDWP Transport Listener: dt_socket" daemon [_thread_blocked, id=1360, stack(0x000000001e120000,0x000000001e220000)]
  0x000000001cec4800 JavaThread "Attach Listener" daemon [_thread_blocked, id=8312, stack(0x000000001e020000,0x000000001e120000)]
  0x000000001cec3800 JavaThread "Signal Dispatcher" daemon [_thread_blocked, id=2880, stack(0x000000001df20000,0x000000001e020000)]
  0x000000001c10e000 JavaThread "Finalizer" daemon [_thread_blocked, id=4748, stack(0x000000001dd90000,0x000000001de90000)]
  0x000000001c10d000 JavaThread "Reference Handler" daemon [_thread_blocked, id=2948, stack(0x000000001dc90000,0x000000001dd90000)]
  0x000000000238a800 JavaThread "main" [_thread_in_native, id=4352, stack(0x0000000002220000,0x0000000002320000)]

Other Threads:
=>0x000000001ce43000 VMThread [stack: 0x000000001db90000,0x000000001dc90000] [id=8544]
  0x000000001d001000 WatcherThread [stack: 0x000000001e820000,0x000000001e920000] [id=3040]

VM state:at safepoint (normal execution)

VM Mutex/Monitor currently owned by a thread:  ([mutex/lock_event])
[0x0000000002834d60] Threads_lock - owner thread: 0x000000001ce43000

heap address: 0x00000006c1e00000, size: 4066 MB, Compressed Oops mode: Zero based, Oop shift amount: 3
Narrow klass base: 0x0000000000000000, Narrow klass shift: 3
Compressed class space size: 1073741824 Address: 0x00000007c0000000

Heap:
 PSYoungGen      total 76288K, used 9194K [0x000000076b500000, 0x0000000770a00000, 0x00000007c0000000)
  eden space 65536K, 14% used [0x000000076b500000,0x000000076bdfaaa0,0x000000076f500000)
  from space 10752K, 0% used [0x000000076ff80000,0x000000076ff80000,0x0000000770a00000)
  to   space 10752K, 0% used [0x000000076f500000,0x000000076f500000,0x000000076ff80000)
 ParOldGen       total 175104K, used 0K [0x00000006c1e00000, 0x00000006cc900000, 0x000000076b500000)
  object space 175104K, 0% used [0x00000006c1e00000,0x00000006c1e00000,0x00000006cc900000)
 Metaspace       used 6320K, capacity 6526K, committed 6656K, reserved 1056768K
  class space    used 617K, capacity 661K, committed 768K, reserved 1048576K

Card table byte_map: [0x0000000011cb0000,0x00000000124b0000] byte_map_base: 0x000000000e6a1000

Marking Bits: (ParMarkBitMap*) 0x0000000075ada100
 Begin Bits: [0x0000000013000000, 0x0000000016f88000)
 End Bits:   [0x0000000016f88000, 0x000000001af10000)

Polling page: 0x00000000009a0000

CodeCache: size=245760Kb used=1360Kb max_used=1360Kb free=244399Kb
 bounds [0x00000000028f0000, 0x0000000002b60000, 0x00000000118f0000]
 total_blobs=421 nmethods=123 adapters=218
 compilation: enabled

Compilation events (231 events):
Event: 0.230 Thread 0x000000001cff4800    1       3       java.util.Arrays::copyOf (19 bytes)
Event: 0.230 Thread 0x000000001cff4800 nmethod 1 0x00000000029f91d0 code [0x00000000029f9340, 0x00000000029f9688]
Event: 0.231 Thread 0x000000001cff4800    3   !   3       sun.instrument.TransformerManager::transform (98 bytes)
Event: 0.231 Thread 0x000000001cff4800 nmethod 3 0x00000000029f8890 code [0x00000000029f8a20, 0x00000000029f8ee8]
Event: 0.231 Thread 0x000000001cff4800    2       3       sun.instrument.InstrumentationImpl::transform (38 bytes)
Event: 0.231 Thread 0x000000001cff4800 nmethod 2 0x00000000029f6e90 code [0x00000000029f7000, 0x00000000029f72a8]
Event: 0.231 Thread 0x000000001cff4800    6       3       java.lang.String::equals (81 bytes)
Event: 0.231 Thread 0x000000001cff4800 nmethod 6 0x00000000029f7f90 code [0x00000000029f8120, 0x00000000029f8690]
Event: 0.231 Thread 0x000000001cff4800    4       1       sun.instrument.TransformerManager::getSnapshotTransformerList (5 bytes)
Event: 0.232 Thread 0x000000001cff4800 nmethod 4 0x00000000029f7cd0 code [0x00000000029f7e20, 0x00000000029f7f30]
Event: 0.232 Thread 0x000000001cff4800    9       1       java.util.ArrayList::size (5 bytes)
Event: 0.232 Thread 0x000000001cff4800 nmethod 9 0x00000000029fac90 code [0x00000000029fade0, 0x00000000029faef0]
Event: 0.232 Thread 0x000000001cff4800   11       3       java.lang.StringBuilder::<init> (7 bytes)
Event: 0.232 Thread 0x000000001cff4800 nmethod 11 0x00000000029fa750 code [0x00000000029fa8c0, 0x00000000029fab70]
Event: 0.232 Thread 0x000000001cff4800   14       3       java.lang.AbstractStringBuilder::append (29 bytes)
Event: 0.232 Thread 0x000000001cfee000    8       4       java.lang.String::indexOf (70 bytes)
Event: 0.232 Thread 0x000000001cff0000    5 %     4       java.lang.String::hashCode @ 24 (55 bytes)
Event: 0.232 Thread 0x000000001cff4800 nmethod 14 0x0000000002a05410 code [0x0000000002a055c0, 0x0000000002a05b18]
Event: 0.232 Thread 0x000000001cff4800   15       3       java.io.WinNTFileSystem::isSlash (18 bytes)
Event: 0.233 Thread 0x000000001cff4800 nmethod 15 0x00000000029f9e50 code [0x00000000029f9fa0, 0x00000000029fa190]
Event: 0.233 Thread 0x000000001cff4800   16       2       java.lang.AbstractStringBuilder::ensureCapacityInternal (27 bytes)
Event: 0.233 Thread 0x000000001cff4800 nmethod 16 0x0000000002a04e50 code [0x0000000002a04fc0, 0x0000000002a052d8]
Event: 0.233 Thread 0x000000001cff4800   13  s    3       java.lang.StringBuffer::append (13 bytes)
Event: 0.233 Thread 0x000000001cff4800 nmethod 13 0x0000000002a04150 code [0x0000000002a04300, 0x0000000002a04a38]
Event: 0.233 Thread 0x000000001cff4800   19       3       java.lang.String::indexOf (7 bytes)
Event: 0.233 Thread 0x000000001cff4800 nmethod 19 0x0000000002a03d10 code [0x0000000002a03e80, 0x0000000002a040a8]
Event: 0.233 Thread 0x000000001cff4800   20       3       java.lang.String::startsWith (7 bytes)
Event: 0.233 Thread 0x000000001cff4800 nmethod 20 0x0000000002a038d0 code [0x0000000002a03a40, 0x0000000002a03c68]
Event: 0.233 Thread 0x000000001cff4800   21       3       java.lang.String::indexOf (166 bytes)
Event: 0.233 Thread 0x000000001cff4800 nmethod 21 0x0000000002a05dd0 code [0x0000000002a05f80, 0x0000000002a065d0]
Event: 0.233 Thread 0x000000001cff4800   22       3       java.lang.String::startsWith (72 bytes)
Event: 0.234 Thread 0x000000001cff4800 nmethod 22 0x0000000002a069d0 code [0x0000000002a06b40, 0x0000000002a06e70]
Event: 0.234 Thread 0x000000001cff4800   37       2       sun.security.provider.SHA2::implCompress0 (322 bytes)
Event: 0.234 Thread 0x000000001cfee000 nmethod 8 0x0000000002a09e50 code [0x0000000002a09fa0, 0x0000000002a0a178]
Event: 0.234 Thread 0x000000001cfee000   31       4       sun.security.provider.SHA2::lf_sigma1 (21 bytes)
Event: 0.234 Thread 0x000000001cff4800 nmethod 37 0x0000000002a08c50 code [0x0000000002a08e00, 0x0000000002a094f0]
Event: 0.234 Thread 0x000000001cff4800   36       2       java.lang.Integer::reverseBytes (26 bytes)
Event: 0.234 Thread 0x000000001cff4800 nmethod 36 0x0000000002a03150 code [0x0000000002a032a0, 0x0000000002a033f0]
Event: 0.234 Thread 0x000000001cff4800   38       2       java.util.Objects::requireNonNull (14 bytes)
Event: 0.234 Thread 0x000000001cfee000 nmethod 31 0x00000000029f9c50 code [0x00000000029f9d80, 0x00000000029f9dd8]
Event: 0.234 Thread 0x000000001cfee000   33       4       sun.security.provider.SHA2::lf_sigma0 (20 bytes)
Event: 0.234 Thread 0x000000001cff4800 nmethod 38 0x0000000002a0b590 code [0x0000000002a0b700, 0x0000000002a0b8e8]
Event: 0.234 Thread 0x000000001cff4800   39       2       sun.security.provider.SHA2::implCompress (13 bytes)
Event: 0.234 Thread 0x000000001cfee000 nmethod 33 0x0000000002a07550 code [0x0000000002a07680, 0x0000000002a076d8]
Event: 0.234 Thread 0x000000001cfee000   43       4       java.lang.Integer::reverseBytes (26 bytes)
Event: 0.234 Thread 0x000000001cff4800 nmethod 39 0x0000000002a0afd0 code [0x0000000002a0b160, 0x0000000002a0b3c8]
Event: 0.234 Thread 0x000000001cff4800   42 %     3       sun.security.provider.SHA2::implCompress0 @ 3 (322 bytes)
Event: 0.234 Thread 0x000000001cfee000 nmethod 43 0x0000000002a07350 code [0x0000000002a07480, 0x0000000002a074f8]
Event: 0.234 Thread 0x000000001cfee000   34       4       sun.security.provider.SHA2::lf_maj (12 bytes)
Event: 0.235 Thread 0x000000001cff0000 nmethod 5% 0x0000000002a0a9d0 code [0x0000000002a0ab20, 0x0000000002a0ae18]
Event: 0.235 Thread 0x000000001cfee000 nmethod 34 0x0000000002a07150 code [0x0000000002a07280, 0x0000000002a072d8]
Event: 0.235 Thread 0x000000001cff0000   32       4       sun.security.provider.SHA2::lf_ch (10 bytes)
Event: 0.235 Thread 0x000000001cfee000   28       4       sun.security.provider.SHA2::lf_delta1 (21 bytes)
Event: 0.235 Thread 0x000000001cff0000 nmethod 32 0x0000000002a0a7d0 code [0x0000000002a0a900, 0x0000000002a0a958]
Event: 0.235 Thread 0x000000001cff0000   29       4       sun.security.provider.SHA2::lf_delta0 (20 bytes)
Event: 0.235 Thread 0x000000001cfee000 nmethod 28 0x0000000002a0a5d0 code [0x0000000002a0a700, 0x0000000002a0a758]
Event: 0.235 Thread 0x000000001cfee000   10       4       java.lang.String::length (6 bytes)
Event: 0.235 Thread 0x000000001cff4800 nmethod 42% 0x0000000002a0c550 code [0x0000000002a0c7a0, 0x0000000002a0d6b0]
Event: 0.235 Thread 0x000000001cff0000 nmethod 29 0x0000000002a0a3d0 code [0x0000000002a0a500, 0x0000000002a0a558]
Event: 0.235 Thread 0x000000001cff4800   41       2       sun.security.provider.ByteArrayAccess::b2iBig64 (614 bytes)
Event: 0.235 Thread 0x000000001cff0000   18       4       java.lang.Object::<init> (1 bytes)
Event: 0.235 Thread 0x000000001cfee000 nmethod 10 0x0000000002a0c2d0 code [0x0000000002a0c400, 0x0000000002a0c498]
Event: 0.235 Thread 0x000000001cfee000   25       4       java.lang.CharacterData::of (120 bytes)
Event: 0.235 Thread 0x000000001cff0000 nmethod 18 0x0000000002a0c090 code [0x0000000002a0c1c0, 0x0000000002a0c258]
Event: 0.235 Thread 0x000000001cff0000   26       4       java.lang.CharacterDataLatin1::getProperties (11 bytes)
Event: 0.235 Thread 0x000000001cfee000 nmethod 25 0x0000000002a0be50 code [0x0000000002a0bf80, 0x0000000002a0bff8]
Event: 0.235 Thread 0x000000001cfee000   27       4       sun.security.provider.SHA2::lf_S (11 bytes)
Event: 0.235 Thread 0x000000001cfee000 nmethod 27 0x0000000002a0bc90 code [0x0000000002a0bdc0, 0x0000000002a0bdf8]
Event: 0.235 Thread 0x000000001cfee000   23       4       java.lang.Character::toUpperCaseEx (30 bytes)
Event: 0.235 Thread 0x000000001cff4800 nmethod 41 0x0000000002a08010 code [0x0000000002a081a0, 0x0000000002a088c8]
Event: 0.235 Thread 0x000000001cff4800   44       3       sun.security.provider.SHA2::implCompress0 (322 bytes)
Event: 0.235 Thread 0x000000001cff0000 nmethod 26 0x0000000002a0e890 code [0x0000000002a0e9c0, 0x0000000002a0ea58]
Event: 0.235 Thread 0x000000001cff0000   24       4       java.lang.CharacterDataLatin1::toUpperCaseEx (71 bytes)
Event: 0.236 Thread 0x000000001cff0000 nmethod 24 0x0000000002a07d10 code [0x0000000002a07e40, 0x0000000002a07f38]
Event: 0.236 Thread 0x000000001cff0000    7       4       java.lang.String::charAt (29 bytes)
Event: 0.236 Thread 0x000000001cff4800 nmethod 44 0x0000000002a12f50 code [0x0000000002a131a0, 0x0000000002a13f70]
Event: 0.236 Thread 0x000000001cff4800   40       2       sun.security.provider.SHA2::implCompressCheck (15 bytes)
Event: 0.236 Thread 0x000000001cfee000 nmethod 23 0x0000000002a079d0 code [0x0000000002a07b00, 0x0000000002a07bd8]
Event: 0.236 Thread 0x000000001cfee000   30       4       sun.security.provider.SHA2::lf_R (4 bytes)
Event: 0.236 Thread 0x000000001cff4800 nmethod 40 0x0000000002a11550 code [0x0000000002a116c0, 0x0000000002a118f8]
Event: 0.236 Thread 0x000000001cff4800   45       3       java.lang.AbstractStringBuilder::append (50 bytes)
Event: 0.236 Thread 0x000000001cfee000 nmethod 30 0x0000000002a07750 code [0x0000000002a07880, 0x0000000002a078b8]
Event: 0.236 Thread 0x000000001cff4800 nmethod 45 0x0000000002a0f110 code [0x0000000002a0f2e0, 0x0000000002a0fa38]
Event: 0.236 Thread 0x000000001cff4800   12       1       java.net.URL::getProtocol (5 bytes)
Event: 0.236 Thread 0x000000001cff0000 nmethod 7 0x0000000002a0edd0 code [0x0000000002a0ef20, 0x0000000002a0f018]
Event: 0.236 Thread 0x000000001cff4800 nmethod 12 0x0000000002a0b9d0 code [0x0000000002a0bb20, 0x0000000002a0bc30]
Event: 0.239 Thread 0x000000001cff4800   46       3       java.lang.String::lastIndexOf (52 bytes)
Event: 0.239 Thread 0x000000001cff4800 nmethod 46 0x0000000002a12410 code [0x0000000002a125a0, 0x0000000002a12948]
Event: 0.239 Thread 0x000000001cff4800   47       3       java.io.WinNTFileSystem::normalize (143 bytes)
Event: 0.240 Thread 0x000000001cfee000   50 %     4       sun.security.provider.SHA2::implCompress0 @ 133 (322 bytes)
Event: 0.240 Thread 0x000000001cff0000   51       4       java.lang.Math::min (11 bytes)
Event: 0.240 Thread 0x000000001cff4800 nmethod 47 0x0000000002a106d0 code [0x0000000002a108c0, 0x0000000002a11148]
Event: 0.240 Thread 0x000000001cff4800   49       3       java.util.HashMap::getNode (148 bytes)
Event: 0.240 Thread 0x000000001cff0000 nmethod 51 0x0000000002a11e50 code [0x0000000002a11f80, 0x0000000002a11fd8]
Event: 0.240 Thread 0x000000001cff0000   54       4       java.lang.String::hashCode (55 bytes)
Event: 0.240 Thread 0x000000001cff4800 nmethod 49 0x0000000002a16c90 code [0x0000000002a16e60, 0x0000000002a17848]
Event: 0.240 Thread 0x000000001cff4800   56       3       java.util.HashMap::hash (20 bytes)
Event: 0.240 Thread 0x000000001cff4800 nmethod 56 0x0000000002a10250 code [0x0000000002a103c0, 0x0000000002a10628]
Event: 0.240 Thread 0x000000001cff4800   53       3       java.lang.String::substring (79 bytes)
Event: 0.240 Thread 0x000000001cff4800 nmethod 53 0x0000000002a16310 code [0x0000000002a164e0, 0x0000000002a169d8]
Event: 0.240 Thread 0x000000001cff4800   48       3       java.lang.String::endsWith (17 bytes)
Event: 0.240 Thread 0x000000001cff4800 nmethod 48 0x0000000002a0fd50 code [0x0000000002a0fec0, 0x0000000002a10108]
Event: 0.240 Thread 0x000000001cff4800   57       3       java.lang.Math::max (11 bytes)
Event: 0.240 Thread 0x000000001cff4800 nmethod 57 0x0000000002a11a50 code [0x0000000002a11ba0, 0x0000000002a11d30]
Event: 0.240 Thread 0x000000001cff4800   55       3       java.util.LinkedHashMap::get (33 bytes)
Event: 0.241 Thread 0x000000001cff4800 nmethod 55 0x0000000002a15350 code [0x0000000002a154e0, 0x0000000002a159e8]
Event: 0.241 Thread 0x000000001cff4800   59       3       java.util.ArrayList::rangeCheck (22 bytes)
Event: 0.241 Thread 0x000000001cff4800 nmethod 59 0x0000000002a17b50 code [0x0000000002a17d60, 0x0000000002a18818]
Event: 0.241 Thread 0x000000001cff4800   60       3       java.lang.String::getChars (62 bytes)
Event: 0.241 Thread 0x000000001cff4800 nmethod 60 0x0000000002a1a310 code [0x0000000002a1a4e0, 0x0000000002a1a998]
Event: 0.241 Thread 0x000000001cff4800   58       1       java.net.URL::getHost (5 bytes)
Event: 0.241 Thread 0x000000001cff0000 nmethod 54 0x0000000002a14f10 code [0x0000000002a15040, 0x0000000002a151d8]
Event: 0.241 Thread 0x000000001cff4800 nmethod 58 0x0000000002a1a050 code [0x0000000002a1a1a0, 0x0000000002a1a2b0]
Event: 0.241 Thread 0x000000001cff4800   63       3       java.lang.String::<init> (82 bytes)
Event: 0.241 Thread 0x000000001cff4800 nmethod 63 0x0000000002a19610 code [0x0000000002a197e0, 0x0000000002a19d18]
Event: 0.241 Thread 0x000000001cff4800   64       3       java.lang.Character::toLowerCase (6 bytes)
Event: 0.241 Thread 0x000000001cff4800 nmethod 64 0x0000000002a190d0 code [0x0000000002a19240, 0x0000000002a194d8]
Event: 0.241 Thread 0x000000001cff4800   65       3       java.util.HashMap::newNode (13 bytes)
Event: 0.242 Thread 0x000000001cff4800 nmethod 65 0x0000000002a1bf50 code [0x0000000002a1c0c0, 0x0000000002a1c370]
Event: 0.242 Thread 0x000000001cff4800   66       3       java.util.HashMap::afterNodeInsertion (1 bytes)
Event: 0.242 Thread 0x000000001cff4800 nmethod 66 0x0000000002a1bc50 code [0x0000000002a1bda0, 0x0000000002a1bef0]
Event: 0.242 Thread 0x000000001cff4800   61       1       java.net.URL::getPath (5 bytes)
Event: 0.242 Thread 0x000000001cff4800 nmethod 61 0x0000000002a18e10 code [0x0000000002a18f60, 0x0000000002a19070]
Event: 0.242 Thread 0x000000001cff4800   62       1       java.net.URL::getAuthority (5 bytes)
Event: 0.242 Thread 0x000000001cff4800 nmethod 62 0x0000000002a1b990 code [0x0000000002a1bae0, 0x0000000002a1bbf0]
Event: 0.243 Thread 0x000000001cff4800   67       3       java.io.WinNTFileSystem::isLetter (30 bytes)
Event: 0.243 Thread 0x000000001cff4800 nmethod 67 0x0000000002a1b550 code [0x0000000002a1b6c0, 0x0000000002a1b910]
Event: 0.243 Thread 0x000000001cff4800   68       3       java.lang.String::replace (127 bytes)
Event: 0.243 Thread 0x000000001cff4800 nmethod 68 0x0000000002a1c4d0 code [0x0000000002a1c680, 0x0000000002a1cd30]
Event: 0.243 Thread 0x000000001cff4800   69       3       java.lang.ref.Reference::<init> (25 bytes)
Event: 0.243 Thread 0x000000001cff4800 nmethod 69 0x0000000002a1ac50 code [0x0000000002a1adc0, 0x0000000002a1b010]
Event: 0.244 Thread 0x000000001cff4800   70       3       sun.reflect.ClassFileAssembler::emitByte (11 bytes)
Event: 0.244 Thread 0x000000001cff4800 nmethod 70 0x0000000002a1d110 code [0x0000000002a1d280, 0x0000000002a1d468]
Event: 0.244 Thread 0x000000001cff4800   71       3       sun.reflect.ByteVectorImpl::add (38 bytes)
Event: 0.244 Thread 0x000000001cff4800 nmethod 71 0x0000000002a1d550 code [0x0000000002a1d6c0, 0x0000000002a1d8e8]
Event: 0.245 Thread 0x000000001cff0000   73       4       java.lang.CharacterDataLatin1::toLowerCase (39 bytes)
Event: 0.245 Thread 0x000000001cff4800   72       3       java.util.Arrays::copyOfRange (63 bytes)
Event: 0.245 Thread 0x000000001cff4800 nmethod 72 0x0000000002a1ddd0 code [0x0000000002a1dfe0, 0x0000000002a1eb58]
Event: 0.245 Thread 0x000000001cff4800   75       3       sun.security.provider.SHA2::implCompress (13 bytes)
Event: 0.246 Thread 0x000000001cff0000 nmethod 73 0x0000000002a21dd0 code [0x0000000002a21f00, 0x0000000002a21fd8]
Event: 0.246 Thread 0x000000001cff4800 nmethod 75 0x0000000002a21650 code [0x0000000002a21800, 0x0000000002a21ba8]
Event: 0.246 Thread 0x000000001cff4800   77       3       java.lang.System::getSecurityManager (4 bytes)
Event: 0.246 Thread 0x000000001cff4800 nmethod 77 0x0000000002a1fe50 code [0x0000000002a1ffa0, 0x0000000002a200f0]
Event: 0.246 Thread 0x000000001cff4800   76       1       java.net.URL::getFile (5 bytes)
Event: 0.246 Thread 0x000000001cff4800 nmethod 76 0x0000000002a1fb90 code [0x0000000002a1fce0, 0x0000000002a1fdf0]
Event: 0.246 Thread 0x000000001cff4800   78       3       java.lang.AbstractStringBuilder::<init> (12 bytes)
Event: 0.246 Thread 0x000000001cfee000 nmethod 50% 0x0000000002a24550 code [0x0000000002a246c0, 0x0000000002a25458]
Event: 0.246 Thread 0x000000001cff4800 nmethod 78 0x0000000002a1f350 code [0x0000000002a1f4c0, 0x0000000002a1f710]
Event: 0.246 Thread 0x000000001cff4800   80       3       java.util.concurrent.ConcurrentHashMap::tabAt (21 bytes)
Event: 0.246 Thread 0x000000001cff4800 nmethod 80 0x0000000002a21210 code [0x0000000002a21360, 0x0000000002a21590]
Event: 0.246 Thread 0x000000001cff4800   82       3       java.lang.AbstractStringBuilder::newCapacity (39 bytes)
Event: 0.246 Thread 0x000000001cff4800 nmethod 82 0x0000000002a20ad0 code [0x0000000002a20c60, 0x0000000002a21068]
Event: 0.246 Thread 0x000000001cff4800   83       3       java.util.HashMap::get (23 bytes)
Event: 0.247 Thread 0x000000001cff0000   84       4       sun.security.provider.SHA2::implCompress0 (322 bytes)
Event: 0.247 Thread 0x000000001cff4800 nmethod 83 0x0000000002a203d0 code [0x0000000002a20560, 0x0000000002a20978]
Event: 0.247 Thread 0x000000001cff4800   79       3       java.util.Vector::ensureCapacityHelper (16 bytes)
Event: 0.247 Thread 0x000000001cff4800 nmethod 79 0x0000000002a24150 code [0x0000000002a242c0, 0x0000000002a244a8]
Event: 0.247 Thread 0x000000001cff4800   85       3       java.util.zip.ZStreamRef::address (5 bytes)
Event: 0.247 Thread 0x000000001cff4800 nmethod 85 0x0000000002a23e50 code [0x0000000002a23fa0, 0x0000000002a240f0]
Event: 0.247 Thread 0x000000001cff4800   87       3       java.util.Arrays::equals (54 bytes)
Event: 0.247 Thread 0x000000001cff4800 nmethod 87 0x0000000002a23850 code [0x0000000002a239c0, 0x0000000002a23d30]
Event: 0.247 Thread 0x000000001cff4800   88       3       java.lang.String::indexOf (7 bytes)
Event: 0.247 Thread 0x000000001cff4800 nmethod 88 0x0000000002a232d0 code [0x0000000002a23440, 0x0000000002a236e8]
Event: 0.247 Thread 0x000000001cff4800   89       3       java.util.ArrayList::elementData (7 bytes)
Event: 0.247 Thread 0x000000001cff4800 nmethod 89 0x0000000002a22f10 code [0x0000000002a23060, 0x0000000002a231f0]
Event: 0.247 Thread 0x000000001cff4800   86       1       java.net.URL::getRef (5 bytes)
Event: 0.247 Thread 0x000000001cff4800 nmethod 86 0x0000000002a22c50 code [0x0000000002a22da0, 0x0000000002a22eb0]
Event: 0.247 Thread 0x000000001cff4800   90       3       java.util.ArrayList::get (11 bytes)
Event: 0.248 Thread 0x000000001cff4800 nmethod 90 0x0000000002a22510 code [0x0000000002a226a0, 0x0000000002a229f8]
Event: 0.248 Thread 0x000000001cff4800   92  s!   3       sun.misc.URLClassPath::getLoader (243 bytes)
Event: 0.250 Thread 0x000000001cff4800 nmethod 92 0x0000000002a25c10 code [0x0000000002a26060, 0x0000000002a28e18]
Event: 0.250 Thread 0x000000001cff4800   94       3       sun.nio.cs.UTF_8$Decoder::decode (779 bytes)
Event: 0.253 Thread 0x000000001cff4800 nmethod 94 0x0000000002a2b190 code [0x0000000002a2b860, 0x0000000002a30618]
Event: 0.253 Thread 0x000000001cff4800  101       3       sun.security.provider.ByteArrayAccess::b2iBig64 (614 bytes)
Event: 0.253 Thread 0x000000001cff4800 nmethod 101 0x0000000002a34f50 code [0x0000000002a35180, 0x0000000002a35f28]
Event: 0.253 Thread 0x000000001cff4800  102  s    3       java.util.Hashtable::put (104 bytes)
Event: 0.254 Thread 0x000000001cff4800 nmethod 102 0x0000000002a365d0 code [0x0000000002a367a0, 0x0000000002a36f78]
Event: 0.254 Thread 0x000000001cff4800   96       3       java.util.concurrent.ConcurrentHashMap::setTabAt (19 bytes)
Event: 0.254 Thread 0x000000001cff4800 nmethod 96 0x0000000002a37350 code [0x0000000002a374a0, 0x0000000002a37610]
Event: 0.254 Thread 0x000000001cff4800  100       3       java.util.HashMap::putVal (300 bytes)
Event: 0.254 Thread 0x000000001cff4800 nmethod 100 0x0000000002a37690 code [0x0000000002a37900, 0x0000000002a38c58]
Event: 0.254 Thread 0x000000001cff4800   93       3       java.lang.StringBuilder::append (8 bytes)
Event: 0.254 Thread 0x000000001cff4800 nmethod 93 0x0000000002a393d0 code [0x0000000002a39540, 0x0000000002a396e8]
Event: 0.254 Thread 0x000000001cff4800   95       3       java.util.concurrent.ConcurrentHashMap::spread (10 bytes)
Event: 0.254 Thread 0x000000001cff4800 nmethod 95 0x0000000002a39790 code [0x0000000002a398e0, 0x0000000002a39a30]
Event: 0.254 Thread 0x000000001cff4800   91  s    3       sun.misc.URLClassPath::getNextLoader (88 bytes)
Event: 0.255 Thread 0x000000001cff4800 nmethod 91 0x0000000002a39ed0 code [0x0000000002a3a0c0, 0x0000000002a3a9a8]
Event: 0.255 Thread 0x000000001cff4800   99       3       java.util.concurrent.ConcurrentHashMap::casTabAt (20 bytes)
Event: 0.255 Thread 0x000000001cff4800 nmethod 99 0x0000000002a3aed0 code [0x0000000002a3b020, 0x0000000002a3b1b0]
Event: 0.255 Thread 0x000000001cff4800  104       1       java.net.URL::getQuery (5 bytes)
Event: 0.255 Thread 0x000000001cff4800 nmethod 104 0x0000000002a3b250 code [0x0000000002a3b3a0, 0x0000000002a3b4b0]
Event: 0.255 Thread 0x000000001cff4800  103       1       java.util.jar.Manifest::getEntries (5 bytes)
Event: 0.255 Thread 0x000000001cff4800 nmethod 103 0x0000000002a3b510 code [0x0000000002a3b660, 0x0000000002a3b770]
Event: 0.255 Thread 0x000000001cff4800  105       3       java.lang.Character::toUpperCase (6 bytes)
Event: 0.256 Thread 0x000000001cff4800 nmethod 105 0x0000000002a3b7d0 code [0x0000000002a3b940, 0x0000000002a3bbd8]
Event: 0.256 Thread 0x000000001cff4800  107       3       java.util.Arrays::copyOf (19 bytes)
Event: 0.256 Thread 0x000000001cff4800 nmethod 107 0x0000000002a3bd10 code [0x0000000002a3be80, 0x0000000002a3c1c8]
Event: 0.256 Thread 0x000000001cff4800  106       3       java.lang.Character::toUpperCase (9 bytes)
Event: 0.256 Thread 0x000000001cff4800 nmethod 106 0x0000000002a3c310 code [0x0000000002a3c480, 0x0000000002a3c6b8]
Event: 0.256 Thread 0x000000001cff4800  108       3       java.util.Hashtable$Entry::<init> (26 bytes)
Event: 0.256 Thread 0x000000001cff4800 nmethod 108 0x0000000002a3c790 code [0x0000000002a3c8e0, 0x0000000002a3caf0]
Event: 0.256 Thread 0x000000001cff4800  109       3       sun.security.x509.X509CertImpl::getEncodedInternal (20 bytes)
Event: 0.256 Thread 0x000000001cff4800 nmethod 109 0x0000000002a3cbd0 code [0x0000000002a3cd80, 0x0000000002a3d2d8]
Event: 0.256 Thread 0x000000001cff4800  110  s    3       java.util.Vector::addElement (38 bytes)
Event: 0.257 Thread 0x000000001cff4800 nmethod 110 0x0000000002a3d490 code [0x0000000002a3d620, 0x0000000002a3db68]
Event: 0.257 Thread 0x000000001cff0000 nmethod 84 0x0000000002a41250 code [0x0000000002a413a0, 0x0000000002a41c58]
Event: 0.260 Thread 0x000000001cff4800  112       1       java.util.zip.ZipFile::access$000 (5 bytes)
Event: 0.260 Thread 0x000000001cff4800 nmethod 112 0x0000000002a40c10 code [0x0000000002a40d60, 0x0000000002a40e50]
Event: 0.260 Thread 0x000000001cff4800  113       1       java.net.URL::getPort (5 bytes)
Event: 0.260 Thread 0x000000001cff4800 nmethod 113 0x0000000002a40950 code [0x0000000002a40aa0, 0x0000000002a40bb0]
Event: 66.860 Thread 0x000000001cff4800  114       3       org.eclipse.jdt.launching.internal.org.objectweb.asm.ClassReader::readUnsignedShort (26 bytes)
Event: 66.860 Thread 0x000000001cff4800 nmethod 114 0x0000000002a3f010 code [0x0000000002a3f160, 0x0000000002a3f310]
Event: 66.860 Thread 0x000000001cff4800  117       3       org.eclipse.jdt.launching.internal.org.objectweb.asm.ClassReader::readUtf (161 bytes)
Event: 66.861 Thread 0x000000001cff4800 nmethod 117 0x0000000002a3e550 code [0x0000000002a3e6e0, 0x0000000002a3eba8]
Event: 66.861 Thread 0x000000001cff4800  116       3       org.eclipse.jdt.launching.internal.org.objectweb.asm.ClassReader::readUtf (44 bytes)
Event: 66.861 Thread 0x000000001cff4800 nmethod 116 0x0000000002a41f50 code [0x0000000002a420e0, 0x0000000002a42568]
Event: 66.861 Thread 0x000000001cff4800  115       3       org.eclipse.jdt.launching.internal.org.objectweb.asm.SymbolTable$Entry::<init> (17 bytes)
Event: 66.861 Thread 0x000000001cff4800 nmethod 115 0x0000000002a3e150 code [0x0000000002a3e2c0, 0x0000000002a3e4a8]
Event: 66.861 Thread 0x000000001cff4800  118       3       org.eclipse.jdt.launching.internal.org.objectweb.asm.SymbolTable::addConstantUtf8 (20 bytes)
Event: 66.862 Thread 0x000000001cff4800 nmethod 118 0x0000000002a428d0 code [0x0000000002a42a60, 0x0000000002a42e88]
Event: 66.862 Thread 0x000000001cff4800  119       3       org.eclipse.jdt.launching.internal.org.objectweb.asm.ClassReader::getItem (7 bytes)
Event: 66.862 Thread 0x000000001cff4800 nmethod 119 0x0000000002a3dd90 code [0x0000000002a3dee0, 0x0000000002a3e050]
Event: 66.862 Thread 0x000000001cff4800  120       3       org.eclipse.jdt.launching.internal.org.objectweb.asm.SymbolTable::hash (10 bytes)
Event: 66.862 Thread 0x000000001cff4800 nmethod 120 0x0000000002a430d0 code [0x0000000002a43240, 0x0000000002a43448]
Event: 98.439 Thread 0x000000001cff4800  121       3       org.eclipse.jdt.launching.internal.org.objectweb.asm.ClassReader::readUTF8 (23 bytes)
Event: 98.439 Thread 0x000000001cff4800 nmethod 121 0x0000000002a43510 code [0x0000000002a43680, 0x0000000002a439e8]
Event: 209.505 Thread 0x000000001cff4800  122       3       org.eclipse.jdt.launching.internal.org.objectweb.asm.Symbol::<init> (38 bytes)
Event: 209.505 Thread 0x000000001cff4800 nmethod 122 0x0000000002a43b90 code [0x0000000002a43ce0, 0x0000000002a43ef0]
Event: 209.505 Thread 0x000000001cff4800  123       3       org.eclipse.jdt.launching.internal.org.objectweb.asm.SymbolTable::add (39 bytes)
Event: 209.505 Thread 0x000000001cff4800 nmethod 123 0x0000000002a43fd0 code [0x0000000002a44140, 0x0000000002a44450]
Event: 902.530 Thread 0x000000001cff4800  124       3       org.eclipse.jdt.launching.internal.org.objectweb.asm.ByteVector::putShort (52 bytes)

GC Heap History (0 events):
No events

Deoptimization events (0 events):
No events

Classes redefined (6 events):
Event: 66.861 Thread 0x000000001ce43000 redefined class name=sep25_2_conditionalStmt.CMain6, count=1
Event: 98.439 Thread 0x000000001ce43000 redefined class name=sep25_2_conditionalStmt.CMain6, count=2
Event: 209.505 Thread 0x000000001ce43000 redefined class name=sep25_2_conditionalStmt.CMain6, count=3
Event: 601.371 Thread 0x000000001ce43000 redefined class name=sep25_2_conditionalStmt.CMain6, count=4
Event: 662.893 Thread 0x000000001ce43000 redefined class name=sep25_2_conditionalStmt.CMain6, count=5
Event: 808.978 Thread 0x000000001ce43000 redefined class name=sep25_2_conditionalStmt.CMain6, count=6

Internal exceptions (6 events):
Event: 0.024 Thread 0x000000000238a800 Exception <a 'java/lang/NoSuchMethodError': Method sun.misc.Unsafe.defineClass(Ljava/lang/String;[BII)Ljava/lang/Class; name or signature does not match> (0x000000076b507cc0) thrown at [C:\ojdkbuild\lookaside\java-1.8.0-openjdk\hotspot\src\share\vm\prims\
Event: 0.024 Thread 0x000000000238a800 Exception <a 'java/lang/NoSuchMethodError': Method sun.misc.Unsafe.prefetchRead(Ljava/lang/Object;J)V name or signature does not match> (0x000000076b507fa8) thrown at [C:\ojdkbuild\lookaside\java-1.8.0-openjdk\hotspot\src\share\vm\prims\jni.cpp, line 4015
Event: 0.291 Thread 0x000000000238a800 Exception <a 'java/security/PrivilegedActionException'> (0x000000076bd21428) thrown at [C:\ojdkbuild\lookaside\java-1.8.0-openjdk\hotspot\src\share\vm\prims\jvm.cpp, line 1531]
Event: 0.291 Thread 0x000000000238a800 Exception <a 'java/security/PrivilegedActionException'> (0x000000076bd21820) thrown at [C:\ojdkbuild\lookaside\java-1.8.0-openjdk\hotspot\src\share\vm\prims\jvm.cpp, line 1531]
Event: 0.306 Thread 0x000000000238a800 Exception <a 'java/security/PrivilegedActionException'> (0x000000076bd26838) thrown at [C:\ojdkbuild\lookaside\java-1.8.0-openjdk\hotspot\src\share\vm\prims\jvm.cpp, line 1531]
Event: 0.306 Thread 0x000000000238a800 Exception <a 'java/security/PrivilegedActionException'> (0x000000076bd26c30) thrown at [C:\ojdkbuild\lookaside\java-1.8.0-openjdk\hotspot\src\share\vm\prims\jvm.cpp, line 1531]

Events (250 events):
Event: 0.269 loading class java/util/regex/Pattern$CharPropertyNames$11 done
Event: 0.270 loading class java/util/regex/Pattern$CharPropertyNames$12
Event: 0.270 loading class java/util/regex/Pattern$CharPropertyNames$12 done
Event: 0.270 loading class java/util/regex/Pattern$CharPropertyNames$13
Event: 0.270 loading class java/util/regex/Pattern$CharPropertyNames$13 done
Event: 0.270 loading class java/util/regex/Pattern$CharPropertyNames$14
Event: 0.270 loading class java/util/regex/Pattern$CharPropertyNames$14 done
Event: 0.270 loading class java/util/regex/Pattern$CharPropertyNames$15
Event: 0.270 loading class java/util/regex/Pattern$CharPropertyNames$15 done
Event: 0.270 loading class java/util/regex/Pattern$CharPropertyNames$16
Event: 0.270 loading class java/util/regex/Pattern$CharPropertyNames$16 done
Event: 0.270 loading class java/util/regex/Pattern$CharPropertyNames$17
Event: 0.270 loading class java/util/regex/Pattern$CharPropertyNames$17 done
Event: 0.270 loading class java/util/regex/Pattern$CharPropertyNames$18
Event: 0.270 loading class java/util/regex/Pattern$CharPropertyNames$18 done
Event: 0.270 loading class java/util/regex/Pattern$CharPropertyNames$19
Event: 0.270 loading class java/util/regex/Pattern$CharPropertyNames$19 done
Event: 0.270 loading class java/util/regex/Pattern$CharPropertyNames$20
Event: 0.270 loading class java/util/regex/Pattern$CharPropertyNames$20 done
Event: 0.270 loading class java/util/regex/Pattern$CharPropertyNames$21
Event: 0.270 loading class java/util/regex/Pattern$CharPropertyNames$21 done
Event: 0.270 loading class java/util/regex/Pattern$CharPropertyNames$22
Event: 0.271 loading class java/util/regex/Pattern$CharPropertyNames$22 done
Event: 0.271 loading class java/util/regex/Pattern$CharPropertyNames$23
Event: 0.271 loading class java/util/regex/Pattern$CharPropertyNames$23 done
Event: 0.271 loading class java/util/regex/Pattern$Curly
Event: 0.271 loading class java/util/regex/Pattern$Curly done
Event: 0.271 loading class java/util/regex/Pattern$All
Event: 0.271 loading class java/util/regex/Pattern$All done
Event: 0.271 loading class java/util/regex/Pattern$BitClass
Event: 0.271 loading class java/util/regex/Pattern$BitClass done
Event: 0.272 loading class java/util/regex/Pattern$1
Event: 0.272 loading class java/util/regex/Pattern$1 done
Event: 0.272 loading class java/util/regex/Pattern$CharProperty$1
Event: 0.272 loading class java/util/regex/Pattern$CharProperty$1 done
Event: 0.272 loading class java/util/regex/Pattern$6
Event: 0.272 loading class java/util/regex/Pattern$6 done
Event: 0.272 loading class java/util/Scanner$1
Event: 0.272 loading class sun/misc/LRUCache
Event: 0.272 loading class sun/misc/LRUCache done
Event: 0.272 loading class java/util/Scanner$1 done
Event: 0.272 loading class java/util/Locale$Category
Event: 0.272 loading class java/util/Locale$Category done
Event: 0.272 loading class java/util/Locale$1
Event: 0.272 loading class java/util/Locale$1 done
Event: 0.273 loading class java/text/NumberFormat
Event: 0.273 loading class java/text/Format
Event: 0.273 loading class java/text/Format done
Event: 0.273 loading class java/text/NumberFormat done
Event: 0.273 loading class java/text/spi/NumberFormatProvider
Event: 0.273 loading class java/util/spi/LocaleServiceProvider
Event: 0.273 loading class java/util/spi/LocaleServiceProvider done
Event: 0.273 loading class java/text/spi/NumberFormatProvider done
Event: 0.273 loading class sun/util/locale/provider/LocaleProviderAdapter
Event: 0.273 loading class sun/util/locale/provider/LocaleProviderAdapter done
Event: 0.273 loading class sun/util/locale/provider/JRELocaleProviderAdapter
Event: 0.273 loading class sun/util/locale/provider/ResourceBundleBasedAdapter
Event: 0.273 loading class sun/util/locale/provider/ResourceBundleBasedAdapter done
Event: 0.273 loading class sun/util/locale/provider/JRELocaleProviderAdapter done
Event: 0.273 loading class sun/util/locale/provider/SPILocaleProviderAdapter
Event: 0.273 loading class sun/util/locale/provider/AuxLocaleProviderAdapter
Event: 0.274 loading class sun/util/locale/provider/AuxLocaleProviderAdapter done
Event: 0.274 loading class sun/util/locale/provider/SPILocaleProviderAdapter done
Event: 0.274 loading class sun/util/locale/provider/AuxLocaleProviderAdapter$NullProvider
Event: 0.274 loading class sun/util/locale/provider/AuxLocaleProviderAdapter$NullProvider done
Event: 0.274 loading class sun/util/locale/provider/LocaleProviderAdapter$Type
Event: 0.274 loading class sun/util/locale/provider/LocaleProviderAdapter$Type done
Event: 0.274 loading class java/util/Collections$UnmodifiableCollection$1
Event: 0.274 loading class java/util/Collections$UnmodifiableCollection$1 done
Event: 0.274 loading class sun/util/locale/provider/LocaleProviderAdapter$1
Event: 0.274 loading class sun/util/locale/provider/LocaleProviderAdapter$1 done
Event: 0.274 loading class sun/util/locale/provider/NumberFormatProviderImpl
Event: 0.274 loading class sun/util/locale/provider/AvailableLanguageTags
Event: 0.274 loading class sun/util/locale/provider/AvailableLanguageTags done
Event: 0.274 loading class sun/util/locale/provider/NumberFormatProviderImpl done
Event: 0.274 loading class sun/util/locale/provider/LocaleDataMetaInfo
Event: 0.274 loading class sun/util/locale/provider/LocaleDataMetaInfo done
Event: 0.276 loading class sun/util/locale/provider/JRELocaleProviderAdapter$1
Event: 0.276 loading class sun/util/locale/provider/JRELocaleProviderAdapter$1 done
Event: 0.282 loading class sun/util/locale/LanguageTag
Event: 0.282 loading class sun/util/locale/LanguageTag done
Event: 0.284 loading class sun/util/locale/provider/LocaleResources
Event: 0.284 loading class sun/util/locale/provider/LocaleResources done
Event: 0.284 loading class sun/util/resources/LocaleData
Event: 0.284 loading class sun/util/resources/LocaleData done
Event: 0.284 loading class sun/util/resources/LocaleData$1
Event: 0.284 loading class sun/util/resources/LocaleData$1 done
Event: 0.284 loading class sun/util/resources/LocaleData$LocaleDataResourceBundleControl
Event: 0.285 loading class java/util/ResourceBundle$Control
Event: 0.285 loading class java/util/ResourceBundle$Control done
Event: 0.285 loading class sun/util/resources/LocaleData$LocaleDataResourceBundleControl done
Event: 0.285 loading class java/util/ResourceBundle$Control$CandidateListCache
Event: 0.285 loading class java/util/ResourceBundle$Control$CandidateListCache done
Event: 0.285 loading class java/util/ResourceBundle
Event: 0.285 loading class java/util/ResourceBundle done
Event: 0.285 loading class java/util/ResourceBundle$1
Event: 0.285 loading class java/util/ResourceBundle$1 done
Event: 0.285 loading class java/util/spi/ResourceBundleControlProvider
Event: 0.285 loading class java/util/spi/ResourceBundleControlProvider done
Event: 0.285 loading class java/util/ServiceLoader
Event: 0.285 loading class java/util/ServiceLoader done
Event: 0.285 loading class java/util/ServiceLoader$LazyIterator
Event: 0.286 loading class java/util/ServiceLoader$LazyIterator done
Event: 0.286 loading class java/util/ServiceLoader$1
Event: 0.286 loading class java/util/ServiceLoader$1 done
Event: 0.286 loading class sun/misc/URLClassPath$2
Event: 0.286 loading class sun/misc/URLClassPath$2 done
Event: 0.286 loading class java/lang/ClassLoader$2
Event: 0.286 loading class java/lang/ClassLoader$2 done
Event: 0.286 loading class sun/misc/URLClassPath$1
Event: 0.286 loading class sun/misc/URLClassPath$1 done
Event: 0.286 loading class java/net/URLClassLoader$3
Event: 0.286 loading class java/net/URLClassLoader$3 done
Event: 0.286 loading class sun/misc/CompoundEnumeration
Event: 0.286 loading class sun/misc/CompoundEnumeration done
Event: 0.291 loading class java/io/FileNotFoundException
Event: 0.291 loading class java/io/FileNotFoundException done
Event: 0.291 Executing VM operation: Deoptimize
Event: 0.291 Executing VM operation: Deoptimize done
Event: 0.291 loading class java/security/PrivilegedActionException
Event: 0.291 loading class java/security/PrivilegedActionException done
Event: 0.306 loading class java/net/URLClassLoader$3$1
Event: 0.306 loading class java/net/URLClassLoader$3$1 done
Event: 0.307 loading class java/util/ResourceBundle$RBClassLoader
Event: 0.307 loading class java/util/ResourceBundle$RBClassLoader done
Event: 0.307 loading class java/util/ResourceBundle$RBClassLoader$1
Event: 0.307 loading class java/util/ResourceBundle$RBClassLoader$1 done
Event: 0.307 loading class java/util/ResourceBundle$CacheKey
Event: 0.307 loading class java/util/ResourceBundle$CacheKey done
Event: 0.307 loading class java/util/ResourceBundle$LoaderReference
Event: 0.307 loading class java/util/ResourceBundle$CacheKeyReference
Event: 0.307 loading class java/util/ResourceBundle$CacheKeyReference done
Event: 0.307 loading class java/util/ResourceBundle$LoaderReference done
Event: 0.307 loading class java/util/ResourceBundle$SingleFormatControl
Event: 0.307 loading class java/util/ResourceBundle$SingleFormatControl done
Event: 0.308 loading class java/util/LinkedList
Event: 0.308 loading class java/util/AbstractSequentialList
Event: 0.308 loading class java/util/AbstractSequentialList done
Event: 0.308 loading class java/util/LinkedList done
Event: 0.308 loading class java/util/LinkedList$Node
Event: 0.308 loading class java/util/LinkedList$Node done
Event: 0.309 loading class sun/text/resources/FormatData
Event: 0.309 loading class sun/util/resources/ParallelListResourceBundle
Event: 0.309 loading class sun/util/resources/ParallelListResourceBundle done
Event: 0.309 loading class sun/text/resources/FormatData done
Event: 0.309 loading class java/util/concurrent/atomic/AtomicMarkableReference
Event: 0.310 loading class java/util/concurrent/atomic/AtomicMarkableReference done
Event: 0.310 loading class java/util/concurrent/atomic/AtomicMarkableReference$Pair
Event: 0.310 loading class java/util/concurrent/atomic/AtomicMarkableReference$Pair done
Event: 0.310 loading class java/util/ResourceBundle$BundleReference
Event: 0.310 loading class java/util/ResourceBundle$BundleReference done
Event: 0.310 loading class sun/text/resources/ko/FormatData_ko
Event: 0.310 loading class sun/text/resources/ko/FormatData_ko done
Event: 0.331 loading class sun/text/resources/ko/FormatData_ko_KR
Event: 0.331 loading class sun/text/resources/ko/FormatData_ko_KR done
Event: 0.335 loading class sun/util/locale/provider/LocaleResources$ResourceReference
Event: 0.335 loading class sun/util/locale/provider/LocaleResources$ResourceReference done
Event: 0.335 loading class java/text/DecimalFormatSymbols
Event: 0.335 loading class java/text/DecimalFormatSymbols done
Event: 0.336 loading class java/text/spi/DecimalFormatSymbolsProvider
Event: 0.336 loading class java/text/spi/DecimalFormatSymbolsProvider done
Event: 0.336 loading class sun/util/locale/provider/DecimalFormatSymbolsProviderImpl
Event: 0.336 loading class sun/util/locale/provider/DecimalFormatSymbolsProviderImpl done
Event: 0.336 loading class sun/util/resources/ParallelListResourceBundle$KeySet
Event: 0.336 loading class sun/util/resources/ParallelListResourceBundle$KeySet done
Event: 0.341 loading class java/util/Currency
Event: 0.341 loading class java/util/Currency done
Event: 0.341 loading class java/util/Currency$1
Event: 0.341 loading class java/util/Currency$1 done
Event: 0.341 loading class java/io/DataInputStream
Event: 0.341 loading class java/io/DataInput
Event: 0.341 loading class java/io/DataInput done
Event: 0.341 loading class java/io/DataInputStream done
Event: 0.360 loading class java/util/spi/CurrencyNameProvider
Event: 0.361 loading class java/util/spi/CurrencyNameProvider done
Event: 0.361 loading class sun/util/locale/provider/LocaleServiceProviderPool
Event: 0.361 loading class sun/util/locale/provider/LocaleServiceProviderPool done
Event: 0.361 loading class java/text/spi/BreakIteratorProvider
Event: 0.361 loading class java/text/spi/BreakIteratorProvider done
Event: 0.361 loading class java/text/spi/CollatorProvider
Event: 0.361 loading class java/text/spi/CollatorProvider done
Event: 0.361 loading class java/text/spi/DateFormatProvider
Event: 0.361 loading class java/text/spi/DateFormatProvider done
Event: 0.361 loading class java/text/spi/DateFormatSymbolsProvider
Event: 0.361 loading class java/text/spi/DateFormatSymbolsProvider done
Event: 0.361 loading class java/util/spi/LocaleNameProvider
Event: 0.361 loading class java/util/spi/LocaleNameProvider done
Event: 0.361 loading class java/util/spi/TimeZoneNameProvider
Event: 0.361 loading class java/util/spi/TimeZoneNameProvider done
Event: 0.361 loading class java/util/spi/CalendarDataProvider
Event: 0.361 loading class java/util/spi/CalendarDataProvider done
Event: 0.361 loading class sun/util/locale/provider/CurrencyNameProviderImpl
Event: 0.361 loading class sun/util/locale/provider/CurrencyNameProviderImpl done
Event: 0.368 loading class sun/util/locale/provider/SPILocaleProviderAdapter$1
Event: 0.368 loading class sun/util/locale/provider/SPILocaleProviderAdapter$1 done
Event: 0.368 loading class java/util/Currency$CurrencyNameGetter
Event: 0.368 loading class sun/util/locale/provider/LocaleServiceProviderPool$LocalizedObjectGetter
Event: 0.368 loading class sun/util/locale/provider/LocaleServiceProviderPool$LocalizedObjectGetter done
Event: 0.368 loading class java/util/Currency$CurrencyNameGetter done
Event: 0.369 loading class sun/util/resources/CurrencyNames
Event: 0.369 loading class sun/util/resources/LocaleNamesBundle
Event: 0.369 loading class sun/util/resources/OpenListResourceBundle
Event: 0.370 loading class sun/util/resources/OpenListResourceBundle done
Event: 0.370 loading class sun/util/resources/LocaleNamesBundle done
Event: 0.370 loading class sun/util/resources/CurrencyNames done
Event: 0.370 loading class sun/util/resources/ko/CurrencyNames_ko
Event: 0.370 loading class sun/util/resources/ko/CurrencyNames_ko done
Event: 0.394 loading class sun/util/resources/ko/CurrencyNames_ko_KR
Event: 0.394 loading class sun/util/resources/ko/CurrencyNames_ko_KR done
Event: 0.398 loading class java/text/DecimalFormat
Event: 0.398 loading class java/text/DecimalFormat done
Event: 0.398 loading class java/text/FieldPosition
Event: 0.398 loading class java/text/FieldPosition done
Event: 0.398 loading class java/text/DigitList
Event: 0.398 loading class java/text/DigitList done
Event: 0.398 loading class java/math/RoundingMode
Event: 0.398 loading class java/math/RoundingMode done
Event: 0.409 loading class java/util/regex/Pattern$GroupTail
Event: 0.409 loading class java/util/regex/Pattern$GroupTail done
Event: 0.409 loading class java/util/regex/Pattern$Ques
Event: 0.409 loading class java/util/regex/Pattern$Ques done
Event: 0.410 loading class java/util/regex/Pattern$5
Event: 0.410 loading class java/util/regex/Pattern$5 done
Event: 0.413 loading class java/util/regex/Pattern$GroupCurly
Event: 0.413 loading class java/util/regex/Pattern$GroupCurly done
Event: 4.282 Executing VM operation: EnableBiasedLocking
Event: 4.282 Executing VM operation: EnableBiasedLocking done
Event: 66.860 Executing VM operation: RedefineClasses
Event: 66.861 Executing VM operation: RedefineClasses done
Event: 98.439 Executing VM operation: RedefineClasses
Event: 98.439 Executing VM operation: RedefineClasses done
Event: 209.505 Executing VM operation: RedefineClasses
Event: 209.505 Executing VM operation: RedefineClasses done
Event: 601.371 Executing VM operation: RedefineClasses
Event: 601.371 Executing VM operation: RedefineClasses done
Event: 611.776 Executing VM operation: ChangeBreakpoints
Event: 611.776 Executing VM operation: ChangeBreakpoints done
Event: 612.235 Executing VM operation: ChangeBreakpoints
Event: 612.235 Executing VM operation: ChangeBreakpoints done
Event: 662.892 Executing VM operation: RedefineClasses
Event: 662.893 Executing VM operation: RedefineClasses done
Event: 662.895 Executing VM operation: ChangeBreakpoints
Event: 662.895 Executing VM operation: ChangeBreakpoints done
Event: 808.977 Executing VM operation: RedefineClasses
Event: 808.978 Executing VM operation: RedefineClasses done
Event: 808.981 Executing VM operation: ChangeBreakpoints
Event: 808.981 Executing VM operation: ChangeBreakpoints done
Event: 902.521 Executing VM operation: ChangeBreakpoints
Event: 902.521 Executing VM operation: ChangeBreakpoints done
Event: 902.530 Executing VM operation: RedefineClasses


Dynamic libraries:
0x00007ff78d770000 - 0x00007ff78d7b8000 	C:\Program Files\ojdkbuild\java-1.8.0-openjdk-1.8.0.332-1\bin\javaw.exe
0x00007ffb1e170000 - 0x00007ffb1e368000 	C:\WINDOWS\SYSTEM32\ntdll.dll
0x00007ffb1dc00000 - 0x00007ffb1dcbd000 	C:\WINDOWS\System32\KERNEL32.DLL
0x00007ffb1b970000 - 0x00007ffb1bc66000 	C:\WINDOWS\System32\KERNELBASE.dll
0x00007ffb1e070000 - 0x00007ffb1e11e000 	C:\WINDOWS\System32\ADVAPI32.dll
0x00007ffb1c4c0000 - 0x00007ffb1c55e000 	C:\WINDOWS\System32\msvcrt.dll
0x00007ffb1de30000 - 0x00007ffb1decc000 	C:\WINDOWS\System32\sechost.dll
0x00007ffb1c2a0000 - 0x00007ffb1c3c6000 	C:\WINDOWS\System32\RPCRT4.dll
0x00007ffb1cdd0000 - 0x00007ffb1cf6e000 	C:\WINDOWS\System32\USER32.dll
0x00007ffb1bd00000 - 0x00007ffb1bd22000 	C:\WINDOWS\System32\win32u.dll
0x00007ffb1cf70000 - 0x00007ffb1cf9c000 	C:\WINDOWS\System32\GDI32.dll
0x00007ffb1b850000 - 0x00007ffb1b96a000 	C:\WINDOWS\System32\gdi32full.dll
0x00007ffb1c0e0000 - 0x00007ffb1c17d000 	C:\WINDOWS\System32\msvcp_win.dll
0x00007ffb1bfe0000 - 0x00007ffb1c0e0000 	C:\WINDOWS\System32\ucrtbase.dll
0x00007ffafa940000 - 0x00007ffafabda000 	C:\WINDOWS\WinSxS\amd64_microsoft.windows.common-controls_6595b64144ccf1df_6.0.19041.1110_none_60b5254171f9507e\COMCTL32.dll
0x00007ffb1c490000 - 0x00007ffb1c4c0000 	C:\WINDOWS\System32\IMM32.DLL
0x0000000075b70000 - 0x0000000075c42000 	C:\Program Files\ojdkbuild\java-1.8.0-openjdk-1.8.0.332-1\jre\bin\msvcr100.dll
0x0000000075230000 - 0x0000000075b63000 	C:\Program Files\ojdkbuild\java-1.8.0-openjdk-1.8.0.332-1\jre\bin\server\jvm.dll
0x00007ffb1e120000 - 0x00007ffb1e128000 	C:\WINDOWS\System32\PSAPI.DLL
0x00007ffb15820000 - 0x00007ffb1582a000 	C:\WINDOWS\SYSTEM32\VERSION.dll
0x00007ffaf3620000 - 0x00007ffaf3647000 	C:\WINDOWS\SYSTEM32\WINMM.dll
0x00007ffb174d0000 - 0x00007ffb174d9000 	C:\WINDOWS\SYSTEM32\WSOCK32.dll
0x00007ffb1c8f0000 - 0x00007ffb1c95b000 	C:\WINDOWS\System32\WS2_32.dll
0x00007ffb17320000 - 0x00007ffb1732f000 	C:\Program Files\ojdkbuild\java-1.8.0-openjdk-1.8.0.332-1\jre\bin\verify.dll
0x00007ffb172f0000 - 0x00007ffb17319000 	C:\Program Files\ojdkbuild\java-1.8.0-openjdk-1.8.0.332-1\jre\bin\java.dll
0x00007ffaffdd0000 - 0x00007ffaffe05000 	C:\Program Files\ojdkbuild\java-1.8.0-openjdk-1.8.0.332-1\jre\bin\jdwp.dll
0x00007ffb172a0000 - 0x00007ffb172a8000 	C:\Program Files\ojdkbuild\java-1.8.0-openjdk-1.8.0.332-1\jre\bin\npt.dll
0x00007ffb006d0000 - 0x00007ffb006f3000 	C:\Program Files\ojdkbuild\java-1.8.0-openjdk-1.8.0.332-1\jre\bin\instrument.dll
0x00007ffb172d0000 - 0x00007ffb172e6000 	C:\Program Files\ojdkbuild\java-1.8.0-openjdk-1.8.0.332-1\jre\bin\zip.dll
0x00007ffb1d4b0000 - 0x00007ffb1dbf5000 	C:\WINDOWS\System32\SHELL32.dll
0x00007ffb19900000 - 0x00007ffb1a09b000 	C:\WINDOWS\SYSTEM32\windows.storage.dll
0x00007ffb1cfa0000 - 0x00007ffb1d2f4000 	C:\WINDOWS\System32\combase.dll
0x00007ffb1b200000 - 0x00007ffb1b22e000 	C:\WINDOWS\SYSTEM32\Wldp.dll
0x00007ffb1dcc0000 - 0x00007ffb1dd6d000 	C:\WINDOWS\System32\SHCORE.dll
0x00007ffb1c430000 - 0x00007ffb1c485000 	C:\WINDOWS\System32\shlwapi.dll
0x00007ffb1b780000 - 0x00007ffb1b7a5000 	C:\WINDOWS\SYSTEM32\profapi.dll
0x00007ffb17270000 - 0x00007ffb17279000 	C:\Program Files\ojdkbuild\java-1.8.0-openjdk-1.8.0.332-1\jre\bin\dt_socket.dll
0x00007ffac3240000 - 0x00007ffac3257000 	C:\WINDOWS\system32\napinsp.dll
0x00007ffac3220000 - 0x00007ffac323b000 	C:\WINDOWS\system32\pnrpnsp.dll
0x00007ffaf3360000 - 0x00007ffaf3375000 	C:\WINDOWS\system32\wshbth.dll
0x00007ffb17210000 - 0x00007ffb1722d000 	C:\WINDOWS\system32\NLAapi.dll
0x00007ffb1ac10000 - 0x00007ffb1ac4b000 	C:\WINDOWS\SYSTEM32\IPHLPAPI.DLL
0x00007ffb1af20000 - 0x00007ffb1af8a000 	C:\WINDOWS\System32\mswsock.dll
0x00007ffb1ac50000 - 0x00007ffb1ad1a000 	C:\WINDOWS\SYSTEM32\DNSAPI.dll
0x00007ffb1ded0000 - 0x00007ffb1ded8000 	C:\WINDOWS\System32\NSI.dll
0x00007ffac3490000 - 0x00007ffac34a2000 	C:\WINDOWS\System32\winrnr.dll
0x00007ffb0cef0000 - 0x00007ffb0cf72000 	C:\WINDOWS\System32\fwpuclnt.dll
0x00007ffb1bfb0000 - 0x00007ffb1bfd7000 	C:\WINDOWS\System32\bcrypt.dll
0x00007ffb0c460000 - 0x00007ffb0c46a000 	C:\Windows\System32\rasadhlp.dll

VM Arguments:
jvm_args: -agentlib:jdwp=transport=dt_socket,suspend=y,address=localhost:57005 -javaagent:C:\Users\sdedu\Downloads\eclipse-jee-2022-09-R-win32-x86_64\eclipse\configuration\org.eclipse.osgi\421\0\.cp\lib\javaagent-shaded.jar -Dfile.encoding=UTF-8 
java_command: sep25_2_conditionalStmt.CMain6
java_class_path (initial): C:\Users\sdedu\Desktop\java\sep25_2_conditionalStmt\bin;C:\Users\sdedu\Downloads\eclipse-jee-2022-09-R-win32-x86_64\eclipse\configuration\org.eclipse.osgi\421\0\.cp\lib\javaagent-shaded.jar
Launcher Type: SUN_STANDARD

Environment Variables:
PATH=C:/Users/sdedu/Downloads/eclipse-jee-2022-09-R-win32-x86_64/eclipse//plugins/org.eclipse.justj.openjdk.hotspot.jre.full.win32.x86_64_17.0.4.v20220903-1038/jre/bin/server;C:/Users/sdedu/Downloads/eclipse-jee-2022-09-R-win32-x86_64/eclipse//plugins/org.eclipse.justj.openjdk.hotspot.jre.full.win32.x86_64_17.0.4.v20220903-1038/jre/bin;C:\WINDOWS\system32;C:\WINDOWS;C:\WINDOWS\System32\Wbem;C:\WINDOWS\System32\WindowsPowerShell\v1.0\;C:\WINDOWS\System32\OpenSSH\;C:\Program Files\ojdkbuild\java-1.8.0-openjdk-1.8.0.332-1\bin;C:\Program Files\ojdkbuild\java-1.8.0-openjdk-1.8.0.332-1\jre\bin;C:\Program Files\Bandizip\;C:\Users\sdedu\AppData\Local\Microsoft\WindowsApps;;C:\Users\sdedu\Downloads\eclipse-jee-2022-09-R-win32-x86_64\eclipse;
USERNAME=sdedu
OS=Windows_NT
PROCESSOR_IDENTIFIER=Intel64 Family 6 Model 158 Stepping 10, GenuineIntel



---------------  S Y S T E M  ---------------

OS: Windows 10.0 , 64 bit Build 19041 (10.0.19041.3393)

CPU:total 6 (initial active 6) (6 cores per cpu, 1 threads per core) family 6 model 158 stepping 10, cmov, cx8, fxsr, mmx, sse, sse2, sse3, ssse3, sse4.1, sse4.2, popcnt, avx, avx2, aes, clmul, erms, rtm, 3dnowpref, lzcnt, tsc, tscinvbit, bmi1, bmi2, adx

Memory: 4k page, physical 16648516k(12439596k free), swap 25531388k(2806800k free)

vm_info: OpenJDK 64-Bit Server VM (25.332-b09) for windows-amd64 JRE (1.8.0_332-b09), built on May  3 2022 02:38:43 by "Administrator" with MS VC++ 10.0 (VS2010)

time: Mon Sep 25 17:38:58 2023
timezone:  
elapsed time: 902.541296 seconds (0d 0h 15m 2s)

